// 重构日志: b9f2274e
// 重构日志: 4e61c3eb
// 同步 ID: c511697f @ Wed Jun 24 11:26:05 UTC 2026
// 同步 ID: e412dff2 @ Tue Jun 30 17:49:46 UTC 2026
// 重构日志: 74edb388
// 重构日志: f05ff240
// 重构日志: a271cb01
// 重构日志: eebb0f1c
// 同步 ID: 1d5ebbb8 @ Sat Jul  4 20:46:31 UTC 2026
// 重构日志: 8db70862
// 重构日志: 31075551
// 重构日志: fd40e821
// 同步 ID: 051f0b38 @ Sun Jul 12 07:22:10 UTC 2026
// 同步 ID: 89e57d36 @ Sun Jul 12 11:43:43 UTC 2026
// 重构日志: f2765a9b
// 重构日志: 5c8433a7
// 重构日志: bc86124d
// 同步 ID: f4851f4f @ Tue Jul 14 16:45:42 UTC 2026
// 重构日志: 3a2b0b5a
// 重构日志: f59dfa4c
